<?xml version="1.0" encoding="UTF-8"?>
<testng-results ignored="0" total="1" passed="1" failed="0" skipped="0">
  <reporter-output>
  </reporter-output>
  <suite started-at="2025-03-14T10:10:01 IST" name="Default suite" finished-at="2025-03-14T10:10:02 IST" duration-ms="159">
    <groups>
    </groups>
    <test started-at="2025-03-14T10:10:01 IST" name="Default test" finished-at="2025-03-14T10:10:02 IST" duration-ms="159">
      <class name="cmd_organization.create_organization">
        <test-method signature="deleteOrganizationTest()[pri:0, instance:cmd_organization.create_organization@35e2d654]" started-at="2025-03-14T10:10:02 IST" name="deleteOrganizationTest" finished-at="2025-03-14T10:10:02 IST" duration-ms="55" status="PASS">
          <reporter-output>
          </reporter-output>
        </test-method> <!-- deleteOrganizationTest -->
      </class> <!-- cmd_organization.create_organization -->
    </test> <!-- Default test -->
  </suite> <!-- Default suite -->
</testng-results>
