<?xml version="1.0" encoding="UTF-8"?>
<!-- Generated by org.testng.reporters.JUnitXMLReporter -->
<testsuite ignored="1" hostname="Sneh" failures="0" tests="1" name="Default test" time="0.159" errors="0" timestamp="2025-03-14T10:10:02 IST">
  <testcase classname="cmd_organization.create_organization" name="deleteOrganizationTest" time="0.055"/>
  <testcase classname="cmd_organization.create_organization" name="createOrganizationTest" time="0.0">
    <ignored/>
  </testcase> <!-- createOrganizationTest -->
</testsuite> <!-- Default test -->
